<?xml version="1.0" encoding="UTF-8"?>
<!-- Generated by org.testng.reporters.JUnitReportReporter -->
<testsuite skipped="0" hostname="matiurs-MacBook-Air.local" name="search.TestSearch" tests="1" failures="0" timestamp="16 Apr 2020 01:55:14 GMT" time="15.420" errors="0">
  <testcase name="testTypingOnSearchBox" time="15.420" classname="search.TestSearch"/>
</testsuite> <!-- search.TestSearch -->
