<?xml version="1.0" encoding="UTF-8"?>
<!-- Generated by org.testng.reporters.JUnitReportReporter -->
<testsuite skipped="0" hostname="matiurs-MacBook-Air.local" name="search.TestAmazonTitle" tests="1" failures="0" timestamp="16 Apr 2020 01:55:14 GMT" time="16.546" errors="0">
  <testcase name="testTitle" time="16.546" classname="search.TestAmazonTitle"/>
</testsuite> <!-- search.TestAmazonTitle -->
